  Main.cpp
  MainScene.cpp
C:\Users\Work\Documents\GitHub\assessment---3d-boids-ecs-s1901022\Application\Source\MainScene.cpp(53,12): warning C4244: 'argument': conversion from 'time_t' to 'unsigned int', possible loss of data
C:\Users\Work\Documents\GitHub\assessment---3d-boids-ecs-s1901022\Application\Source\MainScene.cpp(197,47): warning C4267: 'initializing': conversion from 'size_t' to 'int', possible loss of data
C:\Users\Work\Documents\GitHub\assessment---3d-boids-ecs-s1901022\Application\Source\MainScene.cpp(207,24): warning C4018: '>': signed/unsigned mismatch
C:\Users\Work\Documents\GitHub\assessment---3d-boids-ecs-s1901022\Application\Source\MainScene.cpp(219,23): warning C4018: '>': signed/unsigned mismatch
C:\Users\Work\Documents\GitHub\assessment---3d-boids-ecs-s1901022\Application\Source\MainScene.cpp(262,103): warning C4244: 'argument': conversion from 'float' to 'int', possible loss of data
C:\Users\Work\Documents\GitHub\assessment---3d-boids-ecs-s1901022\Application\Source\MainScene.cpp(262,98): warning C4244: 'argument': conversion from 'float' to 'int', possible loss of data
C:\Users\Work\Documents\GitHub\assessment---3d-boids-ecs-s1901022\Application\Source\MainScene.cpp(262,143): warning C4244: 'argument': conversion from 'float' to 'int', possible loss of data
C:\Users\Work\Documents\GitHub\assessment---3d-boids-ecs-s1901022\Application\Source\MainScene.cpp(262,138): warning C4244: 'argument': conversion from 'float' to 'int', possible loss of data
C:\Users\Work\Documents\GitHub\assessment---3d-boids-ecs-s1901022\Application\Source\MainScene.cpp(262,183): warning C4244: 'argument': conversion from 'float' to 'int', possible loss of data
C:\Users\Work\Documents\GitHub\assessment---3d-boids-ecs-s1901022\Application\Source\MainScene.cpp(262,178): warning C4244: 'argument': conversion from 'float' to 'int', possible loss of data
C:\Users\Work\Documents\GitHub\assessment---3d-boids-ecs-s1901022\Application\Source\MainScene.cpp(291,103): warning C4244: 'argument': conversion from 'float' to 'int', possible loss of data
C:\Users\Work\Documents\GitHub\assessment---3d-boids-ecs-s1901022\Application\Source\MainScene.cpp(291,98): warning C4244: 'argument': conversion from 'float' to 'int', possible loss of data
C:\Users\Work\Documents\GitHub\assessment---3d-boids-ecs-s1901022\Application\Source\MainScene.cpp(291,143): warning C4244: 'argument': conversion from 'float' to 'int', possible loss of data
C:\Users\Work\Documents\GitHub\assessment---3d-boids-ecs-s1901022\Application\Source\MainScene.cpp(291,138): warning C4244: 'argument': conversion from 'float' to 'int', possible loss of data
C:\Users\Work\Documents\GitHub\assessment---3d-boids-ecs-s1901022\Application\Source\MainScene.cpp(291,183): warning C4244: 'argument': conversion from 'float' to 'int', possible loss of data
C:\Users\Work\Documents\GitHub\assessment---3d-boids-ecs-s1901022\Application\Source\MainScene.cpp(291,178): warning C4244: 'argument': conversion from 'float' to 'int', possible loss of data
  Generating code
  0 of 2718 functions ( 0.0%) were compiled, the rest were copied from previous compilation.
    0 functions were new in current compilation
    0 functions had inline decision re-evaluated but remain unchanged
  Finished generating code
  Application.vcxproj -> C:\Users\Work\Documents\GitHub\assessment---3d-boids-ecs-s1901022\Application\bin\Release\Application.exe
