  BrainComponent.cpp
  Camera.cpp
C:\Users\Work\Documents\GitHub\assessment---3d-boids-ecs-s1901022\Framework\source\Camera.cpp(100,23): warning C4244: 'initializing': conversion from 'float' to 'uint16_t', possible loss of data
  CameraComponent.cpp
  Component.cpp
C:\Users\Work\Documents\GitHub\assessment---3d-boids-ecs-s1901022\Framework\source\Component.cpp(1,10): warning C4067: unexpected tokens following preprocessor directive - expected a newline
  Entity.cpp
  FreeCameraComponent.cpp
C:\Users\Work\Documents\GitHub\assessment---3d-boids-ecs-s1901022\Framework\source\FreeCameraComponent.cpp(32,23): warning C4244: 'initializing': conversion from 'float' to 'uint16_t', possible loss of data
  InputManager.cpp
C:\Users\Work\Documents\GitHub\assessment---3d-boids-ecs-s1901022\Framework\source\InputManager.cpp(47,30): warning C4244: 'argument': conversion from 'double' to 'float', possible loss of data
C:\Users\Work\Documents\GitHub\assessment---3d-boids-ecs-s1901022\Framework\source\InputManager.cpp(47,24): warning C4244: 'argument': conversion from 'double' to 'float', possible loss of data
C:\Users\Work\Documents\GitHub\assessment---3d-boids-ecs-s1901022\Framework\source\InputManager.cpp(53,51): warning C4244: 'argument': conversion from 'double' to 'float', possible loss of data
C:\Users\Work\Documents\GitHub\assessment---3d-boids-ecs-s1901022\Framework\source\InputManager.cpp(53,37): warning C4244: 'argument': conversion from 'double' to 'float', possible loss of data
C:\Users\Work\Documents\GitHub\assessment---3d-boids-ecs-s1901022\Framework\source\InputManager.cpp(55,29): warning C4244: 'argument': conversion from 'double' to 'float', possible loss of data
C:\Users\Work\Documents\GitHub\assessment---3d-boids-ecs-s1901022\Framework\source\InputManager.cpp(55,23): warning C4244: 'argument': conversion from 'double' to 'float', possible loss of data
C:\Users\Work\Documents\GitHub\assessment---3d-boids-ecs-s1901022\Framework\source\InputManager.cpp(68,45): warning C4244: 'argument': conversion from 'double' to 'float', possible loss of data
C:\Users\Work\Documents\GitHub\assessment---3d-boids-ecs-s1901022\Framework\source\InputManager.cpp(68,36): warning C4244: 'argument': conversion from 'double' to 'float', possible loss of data
C:\Users\Work\Documents\GitHub\assessment---3d-boids-ecs-s1901022\Framework\source\InputManager.cpp(74,29): warning C4244: 'return': conversion from '_Ty' to 'uint8_t', possible loss of data
          with
          [
              _Ty=uint16_t
          ]
C:\Users\Work\Documents\GitHub\assessment---3d-boids-ecs-s1901022\Framework\source\InputManager.cpp(95,40): warning C4244: 'return': conversion from '_Ty' to 'uint8_t', possible loss of data
          with
          [
              _Ty=uint16_t
          ]
  ModelComponent.cpp
  Scene.cpp
  TransformComponent.cpp
  framework.cpp
C:\Users\Work\Documents\GitHub\assessment---3d-boids-ecs-s1901022\Framework\source\framework.cpp(111,21): warning C4244: 'initializing': conversion from 'double' to 'float', possible loss of data
C:\Users\Work\Documents\GitHub\assessment---3d-boids-ecs-s1901022\Framework\source\framework.cpp(223,30): warning C4244: 'argument': conversion from 'double' to 'float', possible loss of data
C:\Users\Work\Documents\GitHub\assessment---3d-boids-ecs-s1901022\Framework\source\framework.cpp(223,22): warning C4244: 'argument': conversion from 'double' to 'float', possible loss of data
C:\Users\Work\Documents\GitHub\assessment---3d-boids-ecs-s1901022\Framework\source\framework.cpp(228,16): warning C4244: 'initializing': conversion from 'double' to 'float', possible loss of data
C:\Users\Work\Documents\GitHub\assessment---3d-boids-ecs-s1901022\Framework\source\framework.cpp(229,16): warning C4244: 'initializing': conversion from 'double' to 'float', possible loss of data
C:\Users\Work\Documents\GitHub\assessment---3d-boids-ecs-s1901022\Framework\source\framework.cpp(231,29): warning C4244: 'argument': conversion from 'double' to 'float', possible loss of data
C:\Users\Work\Documents\GitHub\assessment---3d-boids-ecs-s1901022\Framework\source\framework.cpp(231,21): warning C4244: 'argument': conversion from 'double' to 'float', possible loss of data
model.obj : warning LNK4006: "public: unsigned int __cdecl aiMaterial::GetTextureCount(enum aiTextureType)const " (?GetTextureCount@aiMaterial@@QEBAIW4aiTextureType@@@Z) already defined in assimp.lib(assimp-vc142-mt.dll); second definition ignored
model.obj : warning LNK4006: "public: enum aiReturn __cdecl aiMaterial::GetTexture(enum aiTextureType,unsigned int,struct aiString *,enum aiTextureMapping *,unsigned int *,float *,enum aiTextureOp *,enum aiTextureMapMode *)const " (?GetTexture@aiMaterial@@QEBA?AW4aiReturn@@W4aiTextureType@@IPEAUaiString@@PEAW4aiTextureMapping@@PEAIPEAMPEAW4aiTextureOp@@PEAW4aiTextureMapMode@@@Z) already defined in assimp.lib(assimp-vc142-mt.dll); second definition ignored
model.obj : warning LNK4006: "public: struct aiScene const * __cdecl Assimp::Importer::ReadFile(class std::basic_string<char,struct std::char_traits<char>,class std::allocator<char> > const &,unsigned int)" (?ReadFile@Importer@Assimp@@QEAAPEBUaiScene@@AEBV?$basic_string@DU?$char_traits@D@std@@V?$allocator@D@2@@std@@I@Z) already defined in assimp.lib(assimp-vc142-mt.dll); second definition ignored
  Boids Framework.vcxproj -> C:\Users\Work\Documents\GitHub\assessment---3d-boids-ecs-s1901022\Framework\lib\x64\Release\Framework.lib
