c:\users\work\documents\github\assessment---3d-boids-ecs-s1901022\framework\obj\x64\debug\framework.pdb
c:\users\work\documents\github\assessment---3d-boids-ecs-s1901022\framework\obj\x64\debug\framework.idb
c:\users\work\documents\github\assessment---3d-boids-ecs-s1901022\framework\obj\x64\debug\glad.obj
c:\users\work\documents\github\assessment---3d-boids-ecs-s1901022\framework\obj\x64\debug\transformcomponent.obj
c:\users\work\documents\github\assessment---3d-boids-ecs-s1901022\framework\obj\x64\debug\scene.obj
c:\users\work\documents\github\assessment---3d-boids-ecs-s1901022\framework\obj\x64\debug\modelcomponent.obj
c:\users\work\documents\github\assessment---3d-boids-ecs-s1901022\framework\obj\x64\debug\inputmanager.obj
c:\users\work\documents\github\assessment---3d-boids-ecs-s1901022\framework\obj\x64\debug\freecameracomponent.obj
c:\users\work\documents\github\assessment---3d-boids-ecs-s1901022\framework\obj\x64\debug\framework.obj
c:\users\work\documents\github\assessment---3d-boids-ecs-s1901022\framework\obj\x64\debug\entity.obj
c:\users\work\documents\github\assessment---3d-boids-ecs-s1901022\framework\obj\x64\debug\component.obj
c:\users\work\documents\github\assessment---3d-boids-ecs-s1901022\framework\obj\x64\debug\cameracomponent.obj
c:\users\work\documents\github\assessment---3d-boids-ecs-s1901022\framework\obj\x64\debug\camera.obj
c:\users\work\documents\github\assessment---3d-boids-ecs-s1901022\framework\obj\x64\debug\braincomponent.obj
c:\users\work\documents\github\assessment---3d-boids-ecs-s1901022\framework\obj\x64\debug\shader.obj
c:\users\work\documents\github\assessment---3d-boids-ecs-s1901022\framework\obj\x64\debug\model.obj
c:\users\work\documents\github\assessment---3d-boids-ecs-s1901022\framework\obj\x64\debug\mesh.obj
c:\users\work\documents\github\assessment---3d-boids-ecs-s1901022\framework\obj\x64\debug\imgui_impl_opengl3.obj
c:\users\work\documents\github\assessment---3d-boids-ecs-s1901022\framework\obj\x64\debug\imgui_impl_glfw.obj
c:\users\work\documents\github\assessment---3d-boids-ecs-s1901022\framework\lib\x64\debug\framework.lib
c:\users\work\documents\github\assessment---3d-boids-ecs-s1901022\framework\obj\x64\debug\framework.tlog\cl.command.1.tlog
c:\users\work\documents\github\assessment---3d-boids-ecs-s1901022\framework\obj\x64\debug\framework.tlog\cl.read.1.tlog
c:\users\work\documents\github\assessment---3d-boids-ecs-s1901022\framework\obj\x64\debug\framework.tlog\cl.write.1.tlog
c:\users\work\documents\github\assessment---3d-boids-ecs-s1901022\framework\obj\x64\debug\framework.tlog\lib-link.read.1.tlog
c:\users\work\documents\github\assessment---3d-boids-ecs-s1901022\framework\obj\x64\debug\framework.tlog\lib-link.write.1.tlog
c:\users\work\documents\github\assessment---3d-boids-ecs-s1901022\framework\obj\x64\debug\framework.tlog\lib.command.1.tlog
